
SQL*Loader: Release 19.0.0.0.0 - Production on Thu May 27 01:45:46 2021
Version 19.3.0.0.0

Copyright (c) 1982, 2019, Oracle and/or its affiliates.  All rights reserved.

Control File:   demo1.ctl
Data File:      demo1.ctl
  Bad File:     demo1.bad
  Discard File:  none specified
 
 (Allow all discards)

Number to load: ALL
Number to skip: 0
Errors allowed: 50
Bind array:     250 rows, maximum of 1048576 bytes
Continuation:    none specified
Path used:      Conventional

Table DEPT, loaded from every logical record.
Insert option in effect for this table: INSERT

   Column Name                  Position   Len  Term Encl Datatype
------------------------------ ---------- ----- ---- ---- ---------------------
DEPTNO                              FIRST     *   ,       CHARACTER            
DNAME                                NEXT     *   ,       CHARACTER            
LOC                                  NEXT     *   ,       CHARACTER            


Table DEPT:
  4 Rows successfully loaded.
  0 Rows not loaded due to data errors.
  0 Rows not loaded because all WHEN clauses were failed.
  0 Rows not loaded because all fields were null.


Space allocated for bind array:                 193500 bytes(250 rows)
Read   buffer bytes: 1048576

Total logical records skipped:          0
Total logical records read:             4
Total logical records rejected:         0
Total logical records discarded:        0

Run began on Thu May 27 01:45:46 2021
Run ended on Thu May 27 01:45:46 2021

Elapsed time was:     00:00:00.21
CPU time was:         00:00:00.02
